c:\users\ggpc\documents\github\gd1p03_game\gd1p03_game\x64\release\vc142.pdb
c:\users\ggpc\documents\github\gd1p03_game\gd1p03_game\x64\release\player.obj
c:\users\ggpc\documents\github\gd1p03_game\gd1p03_game\x64\release\pickaxe.obj
c:\users\ggpc\documents\github\gd1p03_game\gd1p03_game\x64\release\main.obj
c:\users\ggpc\documents\github\gd1p03_game\gd1p03_game\x64\release\gui.obj
c:\users\ggpc\documents\github\gd1p03_game\gd1p03_game\x64\release\enemy.obj
c:\users\ggpc\documents\github\gd1p03_game\gd1p03_game\x64\release\door.obj
c:\users\ggpc\documents\github\gd1p03_game\gd1p03_game\x64\release\cworkbench.obj
c:\users\ggpc\documents\github\gd1p03_game\gd1p03_game\x64\release\ctexturemaster.obj
c:\users\ggpc\documents\github\gd1p03_game\gd1p03_game\x64\release\csword.obj
c:\users\ggpc\documents\github\gd1p03_game\gd1p03_game\x64\release\cprojectile.obj
c:\users\ggpc\documents\github\gd1p03_game\gd1p03_game\x64\release\cpotion.obj
c:\users\ggpc\documents\github\gd1p03_game\gd1p03_game\x64\release\cparticlesystem.obj
c:\users\ggpc\documents\github\gd1p03_game\gd1p03_game\x64\release\cinputfield.obj
c:\users\ggpc\documents\github\gd1p03_game\gd1p03_game\x64\release\chest.obj
c:\users\ggpc\documents\github\gd1p03_game\gd1p03_game\x64\release\cfurnace.obj
c:\users\ggpc\documents\github\gd1p03_game\gd1p03_game\x64\release\cdebugwindow.obj
c:\users\ggpc\documents\github\gd1p03_game\gd1p03_game\x64\release\cbuttons.obj
c:\users\ggpc\documents\github\gd1p03_game\gd1p03_game\x64\release\bow.obj
c:\users\ggpc\documents\github\gd1p03_game\gd1p03_game\x64\release\block.obj
c:\users\ggpc\documents\github\gd1p03_game\gd1p03_game\x64\release\audiomanager.obj
c:\users\ggpc\documents\github\gd1p03_game\gd1p03_game\x64\release\worldmanager.obj
c:\users\ggpc\documents\github\gd1p03_game\gd1p03_game\x64\release\zombie.obj
c:\users\ggpc\documents\github\gd1p03_game\gd1p03_game\x64\release\spawner.obj
c:\users\ggpc\documents\github\gd1p03_game\gd1p03_game\x64\release\slime.obj
c:\users\ggpc\documents\github\gd1p03_game\x64\release\gd1p03_game.exe
c:\users\ggpc\documents\github\gd1p03_game\gd1p03_game\x64\release\gd1p03_game.ipdb
c:\users\ggpc\documents\github\gd1p03_game\gd1p03_game\x64\release\gd1p03_game.iobj
c:\users\ggpc\documents\github\gd1p03_game\x64\release\gd1p03_game.pdb
c:\users\ggpc\documents\github\gd1p03_game\gd1p03_game\x64\release\gd1p03_game.tlog\cl.command.1.tlog
c:\users\ggpc\documents\github\gd1p03_game\gd1p03_game\x64\release\gd1p03_game.tlog\cl.read.1.tlog
c:\users\ggpc\documents\github\gd1p03_game\gd1p03_game\x64\release\gd1p03_game.tlog\cl.write.1.tlog
c:\users\ggpc\documents\github\gd1p03_game\gd1p03_game\x64\release\gd1p03_game.tlog\link.command.1.tlog
c:\users\ggpc\documents\github\gd1p03_game\gd1p03_game\x64\release\gd1p03_game.tlog\link.read.1.tlog
c:\users\ggpc\documents\github\gd1p03_game\gd1p03_game\x64\release\gd1p03_game.tlog\link.write.1.tlog
