  WorldManager.cpp
C:\Users\trand\Documents\GITHUB\GD1P03_Game (SFML)\GD1P03_Game\GD1P03_Game\Bow.h(21,19): warning C4244: 'initializing': conversion from 'float' to 'int', possible loss of data
C:\Users\trand\Documents\GITHUB\GD1P03_Game (SFML)\GD1P03_Game\GD1P03_Game\CProjectile.h(29,17): warning C4244: 'initializing': conversion from 'float' to 'int', possible loss of data
C:\Users\trand\Documents\GITHUB\GD1P03_Game (SFML)\GD1P03_Game\GD1P03_Game\Player.h(173,20): warning C4244: 'initializing': conversion from 'double' to 'int', possible loss of data
C:\Users\trand\Documents\GITHUB\GD1P03_Game (SFML)\GD1P03_Game\GD1P03_Game\WorldManager.cpp(24,27): warning C4244: '=': conversion from 'time_t' to 'unsigned int', possible loss of data
C:\Users\trand\Documents\GITHUB\GD1P03_Game (SFML)\GD1P03_Game\GD1P03_Game\WorldManager.cpp(404,58): warning C4244: 'argument': conversion from 'double' to 'float', possible loss of data
C:\Users\trand\Documents\GITHUB\GD1P03_Game (SFML)\GD1P03_Game\GD1P03_Game\WorldManager.cpp(404,21): warning C4244: '=': conversion from 'float' to 'int', possible loss of data
C:\Users\trand\Documents\GITHUB\GD1P03_Game (SFML)\GD1P03_Game\GD1P03_Game\WorldManager.cpp(405,58): warning C4244: 'argument': conversion from 'double' to 'float', possible loss of data
C:\Users\trand\Documents\GITHUB\GD1P03_Game (SFML)\GD1P03_Game\GD1P03_Game\WorldManager.cpp(405,21): warning C4244: '=': conversion from 'float' to 'int', possible loss of data
C:\Users\trand\Documents\GITHUB\GD1P03_Game (SFML)\GD1P03_Game\GD1P03_Game\WorldManager.cpp(411,46): warning C4244: 'argument': conversion from 'int' to 'T', possible loss of data
          with
          [
              T=float
          ]
C:\Users\trand\Documents\GITHUB\GD1P03_Game (SFML)\GD1P03_Game\GD1P03_Game\WorldManager.cpp(411,40): warning C4244: 'argument': conversion from 'int' to 'T', possible loss of data
          with
          [
              T=float
          ]
C:\Users\trand\Documents\GITHUB\GD1P03_Game (SFML)\GD1P03_Game\GD1P03_Game\WorldManager.cpp(421,100): warning C4244: 'argument': conversion from 'int' to 'float', possible loss of data
C:\Users\trand\Documents\GITHUB\GD1P03_Game (SFML)\GD1P03_Game\GD1P03_Game\WorldManager.cpp(428,100): warning C4244: 'argument': conversion from 'int' to 'float', possible loss of data
C:\Users\trand\Documents\GITHUB\GD1P03_Game (SFML)\GD1P03_Game\GD1P03_Game\WorldManager.cpp(435,115): warning C4244: 'argument': conversion from 'int' to 'float', possible loss of data
C:\Users\trand\Documents\GITHUB\GD1P03_Game (SFML)\GD1P03_Game\GD1P03_Game\WorldManager.cpp(442,100): warning C4244: 'argument': conversion from 'int' to 'float', possible loss of data
C:\Users\trand\Documents\GITHUB\GD1P03_Game (SFML)\GD1P03_Game\GD1P03_Game\WorldManager.cpp(449,100): warning C4244: 'argument': conversion from 'int' to 'float', possible loss of data
C:\Users\trand\Documents\GITHUB\GD1P03_Game (SFML)\GD1P03_Game\GD1P03_Game\WorldManager.cpp(456,123): warning C4244: 'argument': conversion from 'int' to 'float', possible loss of data
C:\Users\trand\Documents\GITHUB\GD1P03_Game (SFML)\GD1P03_Game\GD1P03_Game\WorldManager.cpp(477,144): warning C4244: 'argument': conversion from 'int' to 'float', possible loss of data
C:\Users\trand\Documents\GITHUB\GD1P03_Game (SFML)\GD1P03_Game\GD1P03_Game\WorldManager.cpp(477,136): warning C4244: 'argument': conversion from 'int' to 'float', possible loss of data
C:\Users\trand\Documents\GITHUB\GD1P03_Game (SFML)\GD1P03_Game\GD1P03_Game\WorldManager.cpp(490,123): warning C4244: 'argument': conversion from 'int' to 'float', possible loss of data
C:\Users\trand\Documents\GITHUB\GD1P03_Game (SFML)\GD1P03_Game\GD1P03_Game\WorldManager.cpp(490,115): warning C4244: 'argument': conversion from 'int' to 'float', possible loss of data
C:\Users\trand\Documents\GITHUB\GD1P03_Game (SFML)\GD1P03_Game\GD1P03_Game\WorldManager.cpp(498,120): warning C4244: 'argument': conversion from 'int' to 'float', possible loss of data
C:\Users\trand\Documents\GITHUB\GD1P03_Game (SFML)\GD1P03_Game\GD1P03_Game\WorldManager.cpp(498,112): warning C4244: 'argument': conversion from 'int' to 'float', possible loss of data
C:\Users\trand\Documents\GITHUB\GD1P03_Game (SFML)\GD1P03_Game\GD1P03_Game\WorldManager.cpp(506,126): warning C4244: 'argument': conversion from 'int' to 'float', possible loss of data
C:\Users\trand\Documents\GITHUB\GD1P03_Game (SFML)\GD1P03_Game\GD1P03_Game\WorldManager.cpp(506,118): warning C4244: 'argument': conversion from 'int' to 'float', possible loss of data
C:\Users\trand\Documents\GITHUB\GD1P03_Game (SFML)\GD1P03_Game\GD1P03_Game\WorldManager.cpp(514,123): warning C4244: 'argument': conversion from 'int' to 'float', possible loss of data
C:\Users\trand\Documents\GITHUB\GD1P03_Game (SFML)\GD1P03_Game\GD1P03_Game\WorldManager.cpp(514,115): warning C4244: 'argument': conversion from 'int' to 'float', possible loss of data
C:\Users\trand\Documents\GITHUB\GD1P03_Game (SFML)\GD1P03_Game\GD1P03_Game\WorldManager.cpp(526,128): warning C4244: 'argument': conversion from 'int' to 'float', possible loss of data
C:\Users\trand\Documents\GITHUB\GD1P03_Game (SFML)\GD1P03_Game\GD1P03_Game\WorldManager.cpp(526,120): warning C4244: 'argument': conversion from 'int' to 'float', possible loss of data
C:\Users\trand\Documents\GITHUB\GD1P03_Game (SFML)\GD1P03_Game\GD1P03_Game\WorldManager.cpp(534,128): warning C4244: 'argument': conversion from 'int' to 'float', possible loss of data
C:\Users\trand\Documents\GITHUB\GD1P03_Game (SFML)\GD1P03_Game\GD1P03_Game\WorldManager.cpp(534,120): warning C4244: 'argument': conversion from 'int' to 'float', possible loss of data
C:\Users\trand\Documents\GITHUB\GD1P03_Game (SFML)\GD1P03_Game\GD1P03_Game\WorldManager.cpp(544,138): warning C4244: 'argument': conversion from 'int' to 'float', possible loss of data
C:\Users\trand\Documents\GITHUB\GD1P03_Game (SFML)\GD1P03_Game\GD1P03_Game\WorldManager.cpp(544,130): warning C4244: 'argument': conversion from 'int' to 'float', possible loss of data
C:\Users\trand\Documents\GITHUB\GD1P03_Game (SFML)\GD1P03_Game\GD1P03_Game\WorldManager.cpp(553,132): warning C4244: 'argument': conversion from 'int' to 'float', possible loss of data
C:\Users\trand\Documents\GITHUB\GD1P03_Game (SFML)\GD1P03_Game\GD1P03_Game\WorldManager.cpp(553,124): warning C4244: 'argument': conversion from 'int' to 'float', possible loss of data
C:\Users\trand\Documents\GITHUB\GD1P03_Game (SFML)\GD1P03_Game\GD1P03_Game\WorldManager.cpp(564,138): warning C4244: 'argument': conversion from 'int' to 'float', possible loss of data
C:\Users\trand\Documents\GITHUB\GD1P03_Game (SFML)\GD1P03_Game\GD1P03_Game\WorldManager.cpp(564,130): warning C4244: 'argument': conversion from 'int' to 'float', possible loss of data
C:\Users\trand\Documents\GITHUB\GD1P03_Game (SFML)\GD1P03_Game\GD1P03_Game\WorldManager.cpp(572,133): warning C4244: 'argument': conversion from 'int' to 'float', possible loss of data
C:\Users\trand\Documents\GITHUB\GD1P03_Game (SFML)\GD1P03_Game\GD1P03_Game\WorldManager.cpp(572,125): warning C4244: 'argument': conversion from 'int' to 'float', possible loss of data
C:\Users\trand\Documents\GITHUB\GD1P03_Game (SFML)\GD1P03_Game\GD1P03_Game\WorldManager.cpp(587,138): warning C4244: 'argument': conversion from 'int' to 'float', possible loss of data
C:\Users\trand\Documents\GITHUB\GD1P03_Game (SFML)\GD1P03_Game\GD1P03_Game\WorldManager.cpp(587,124): warning C4244: 'argument': conversion from 'int' to 'float', possible loss of data
C:\Users\trand\Documents\GITHUB\GD1P03_Game (SFML)\GD1P03_Game\GD1P03_Game\WorldManager.cpp(591,138): warning C4244: 'argument': conversion from 'int' to 'float', possible loss of data
C:\Users\trand\Documents\GITHUB\GD1P03_Game (SFML)\GD1P03_Game\GD1P03_Game\WorldManager.cpp(591,124): warning C4244: 'argument': conversion from 'int' to 'float', possible loss of data
C:\Users\trand\Documents\GITHUB\GD1P03_Game (SFML)\GD1P03_Game\GD1P03_Game\WorldManager.cpp(595,138): warning C4244: 'argument': conversion from 'int' to 'float', possible loss of data
C:\Users\trand\Documents\GITHUB\GD1P03_Game (SFML)\GD1P03_Game\GD1P03_Game\WorldManager.cpp(595,124): warning C4244: 'argument': conversion from 'int' to 'float', possible loss of data
C:\Users\trand\Documents\GITHUB\GD1P03_Game (SFML)\GD1P03_Game\GD1P03_Game\WorldManager.cpp(599,138): warning C4244: 'argument': conversion from 'int' to 'float', possible loss of data
C:\Users\trand\Documents\GITHUB\GD1P03_Game (SFML)\GD1P03_Game\GD1P03_Game\WorldManager.cpp(599,124): warning C4244: 'argument': conversion from 'int' to 'float', possible loss of data
C:\Users\trand\Documents\GITHUB\GD1P03_Game (SFML)\GD1P03_Game\GD1P03_Game\WorldManager.cpp(603,138): warning C4244: 'argument': conversion from 'int' to 'float', possible loss of data
C:\Users\trand\Documents\GITHUB\GD1P03_Game (SFML)\GD1P03_Game\GD1P03_Game\WorldManager.cpp(603,124): warning C4244: 'argument': conversion from 'int' to 'float', possible loss of data
C:\Users\trand\Documents\GITHUB\GD1P03_Game (SFML)\GD1P03_Game\GD1P03_Game\WorldManager.cpp(607,138): warning C4244: 'argument': conversion from 'int' to 'float', possible loss of data
C:\Users\trand\Documents\GITHUB\GD1P03_Game (SFML)\GD1P03_Game\GD1P03_Game\WorldManager.cpp(607,124): warning C4244: 'argument': conversion from 'int' to 'float', possible loss of data
C:\Users\trand\Documents\GITHUB\GD1P03_Game (SFML)\GD1P03_Game\GD1P03_Game\WorldManager.cpp(615,140): warning C4244: 'argument': conversion from 'int' to 'float', possible loss of data
C:\Users\trand\Documents\GITHUB\GD1P03_Game (SFML)\GD1P03_Game\GD1P03_Game\WorldManager.cpp(615,126): warning C4244: 'argument': conversion from 'int' to 'float', possible loss of data
C:\Users\trand\Documents\GITHUB\GD1P03_Game (SFML)\GD1P03_Game\GD1P03_Game\WorldManager.cpp(619,140): warning C4244: 'argument': conversion from 'int' to 'float', possible loss of data
C:\Users\trand\Documents\GITHUB\GD1P03_Game (SFML)\GD1P03_Game\GD1P03_Game\WorldManager.cpp(619,126): warning C4244: 'argument': conversion from 'int' to 'float', possible loss of data
C:\Users\trand\Documents\GITHUB\GD1P03_Game (SFML)\GD1P03_Game\GD1P03_Game\WorldManager.cpp(623,140): warning C4244: 'argument': conversion from 'int' to 'float', possible loss of data
C:\Users\trand\Documents\GITHUB\GD1P03_Game (SFML)\GD1P03_Game\GD1P03_Game\WorldManager.cpp(623,126): warning C4244: 'argument': conversion from 'int' to 'float', possible loss of data
C:\Users\trand\Documents\GITHUB\GD1P03_Game (SFML)\GD1P03_Game\GD1P03_Game\WorldManager.cpp(627,140): warning C4244: 'argument': conversion from 'int' to 'float', possible loss of data
C:\Users\trand\Documents\GITHUB\GD1P03_Game (SFML)\GD1P03_Game\GD1P03_Game\WorldManager.cpp(627,126): warning C4244: 'argument': conversion from 'int' to 'float', possible loss of data
C:\Users\trand\Documents\GITHUB\GD1P03_Game (SFML)\GD1P03_Game\GD1P03_Game\WorldManager.cpp(632,141): warning C4244: 'argument': conversion from 'int' to 'float', possible loss of data
C:\Users\trand\Documents\GITHUB\GD1P03_Game (SFML)\GD1P03_Game\GD1P03_Game\WorldManager.cpp(632,126): warning C4244: 'argument': conversion from 'int' to 'float', possible loss of data
C:\Users\trand\Documents\GITHUB\GD1P03_Game (SFML)\GD1P03_Game\GD1P03_Game\WorldManager.cpp(636,141): warning C4244: 'argument': conversion from 'int' to 'float', possible loss of data
C:\Users\trand\Documents\GITHUB\GD1P03_Game (SFML)\GD1P03_Game\GD1P03_Game\WorldManager.cpp(636,126): warning C4244: 'argument': conversion from 'int' to 'float', possible loss of data
C:\Users\trand\Documents\GITHUB\GD1P03_Game (SFML)\GD1P03_Game\GD1P03_Game\WorldManager.cpp(640,140): warning C4244: 'argument': conversion from 'int' to 'float', possible loss of data
C:\Users\trand\Documents\GITHUB\GD1P03_Game (SFML)\GD1P03_Game\GD1P03_Game\WorldManager.cpp(640,126): warning C4244: 'argument': conversion from 'int' to 'float', possible loss of data
C:\Users\trand\Documents\GITHUB\GD1P03_Game (SFML)\GD1P03_Game\GD1P03_Game\WorldManager.cpp(644,142): warning C4244: 'argument': conversion from 'int' to 'float', possible loss of data
C:\Users\trand\Documents\GITHUB\GD1P03_Game (SFML)\GD1P03_Game\GD1P03_Game\WorldManager.cpp(644,126): warning C4244: 'argument': conversion from 'int' to 'float', possible loss of data
C:\Users\trand\Documents\GITHUB\GD1P03_Game (SFML)\GD1P03_Game\GD1P03_Game\WorldManager.cpp(648,141): warning C4244: 'argument': conversion from 'int' to 'float', possible loss of data
C:\Users\trand\Documents\GITHUB\GD1P03_Game (SFML)\GD1P03_Game\GD1P03_Game\WorldManager.cpp(648,126): warning C4244: 'argument': conversion from 'int' to 'float', possible loss of data
C:\Users\trand\Documents\GITHUB\GD1P03_Game (SFML)\GD1P03_Game\GD1P03_Game\WorldManager.cpp(652,142): warning C4244: 'argument': conversion from 'int' to 'float', possible loss of data
C:\Users\trand\Documents\GITHUB\GD1P03_Game (SFML)\GD1P03_Game\GD1P03_Game\WorldManager.cpp(652,126): warning C4244: 'argument': conversion from 'int' to 'float', possible loss of data
C:\Users\trand\Documents\GITHUB\GD1P03_Game (SFML)\GD1P03_Game\GD1P03_Game\WorldManager.cpp(657,141): warning C4244: 'argument': conversion from 'int' to 'float', possible loss of data
C:\Users\trand\Documents\GITHUB\GD1P03_Game (SFML)\GD1P03_Game\GD1P03_Game\WorldManager.cpp(657,126): warning C4244: 'argument': conversion from 'int' to 'float', possible loss of data
C:\Users\trand\Documents\GITHUB\GD1P03_Game (SFML)\GD1P03_Game\GD1P03_Game\WorldManager.cpp(661,141): warning C4244: 'argument': conversion from 'int' to 'float', possible loss of data
C:\Users\trand\Documents\GITHUB\GD1P03_Game (SFML)\GD1P03_Game\GD1P03_Game\WorldManager.cpp(661,126): warning C4244: 'argument': conversion from 'int' to 'float', possible loss of data
C:\Users\trand\Documents\GITHUB\GD1P03_Game (SFML)\GD1P03_Game\GD1P03_Game\WorldManager.cpp(665,140): warning C4244: 'argument': conversion from 'int' to 'float', possible loss of data
C:\Users\trand\Documents\GITHUB\GD1P03_Game (SFML)\GD1P03_Game\GD1P03_Game\WorldManager.cpp(665,126): warning C4244: 'argument': conversion from 'int' to 'float', possible loss of data
C:\Users\trand\Documents\GITHUB\GD1P03_Game (SFML)\GD1P03_Game\GD1P03_Game\WorldManager.cpp(669,141): warning C4244: 'argument': conversion from 'int' to 'float', possible loss of data
C:\Users\trand\Documents\GITHUB\GD1P03_Game (SFML)\GD1P03_Game\GD1P03_Game\WorldManager.cpp(669,126): warning C4244: 'argument': conversion from 'int' to 'float', possible loss of data
C:\Users\trand\Documents\GITHUB\GD1P03_Game (SFML)\GD1P03_Game\GD1P03_Game\WorldManager.cpp(674,141): warning C4244: 'argument': conversion from 'int' to 'float', possible loss of data
C:\Users\trand\Documents\GITHUB\GD1P03_Game (SFML)\GD1P03_Game\GD1P03_Game\WorldManager.cpp(674,126): warning C4244: 'argument': conversion from 'int' to 'float', possible loss of data
C:\Users\trand\Documents\GITHUB\GD1P03_Game (SFML)\GD1P03_Game\GD1P03_Game\WorldManager.cpp(678,141): warning C4244: 'argument': conversion from 'int' to 'float', possible loss of data
C:\Users\trand\Documents\GITHUB\GD1P03_Game (SFML)\GD1P03_Game\GD1P03_Game\WorldManager.cpp(678,126): warning C4244: 'argument': conversion from 'int' to 'float', possible loss of data
C:\Users\trand\Documents\GITHUB\GD1P03_Game (SFML)\GD1P03_Game\GD1P03_Game\WorldManager.cpp(688,101): warning C4244: 'argument': conversion from 'int' to 'float', possible loss of data
C:\Users\trand\Documents\GITHUB\GD1P03_Game (SFML)\GD1P03_Game\GD1P03_Game\WorldManager.cpp(688,87): warning C4244: 'argument': conversion from 'int' to 'float', possible loss of data
C:\Users\trand\Documents\GITHUB\GD1P03_Game (SFML)\GD1P03_Game\GD1P03_Game\WorldManager.cpp(689,70): warning C4244: 'argument': conversion from 'int' to 'float', possible loss of data
C:\Users\trand\Documents\GITHUB\GD1P03_Game (SFML)\GD1P03_Game\GD1P03_Game\WorldManager.cpp(689,56): warning C4244: 'argument': conversion from 'int' to 'float', possible loss of data
C:\Users\trand\Documents\GITHUB\GD1P03_Game (SFML)\GD1P03_Game\GD1P03_Game\WorldManager.cpp(691,62): warning C4267: 'argument': conversion from 'size_t' to 'unsigned int', possible loss of data
C:\Users\trand\Documents\GITHUB\GD1P03_Game (SFML)\GD1P03_Game\GD1P03_Game\WorldManager.cpp(701,62): warning C4267: 'argument': conversion from 'size_t' to 'unsigned int', possible loss of data
C:\Users\trand\Documents\GITHUB\GD1P03_Game (SFML)\GD1P03_Game\GD1P03_Game\WorldManager.cpp(711,62): warning C4267: 'argument': conversion from 'size_t' to 'unsigned int', possible loss of data
C:\Users\trand\Documents\GITHUB\GD1P03_Game (SFML)\GD1P03_Game\GD1P03_Game\WorldManager.cpp(721,62): warning C4267: 'argument': conversion from 'size_t' to 'unsigned int', possible loss of data
C:\Users\trand\Documents\GITHUB\GD1P03_Game (SFML)\GD1P03_Game\GD1P03_Game\WorldManager.cpp(731,62): warning C4267: 'argument': conversion from 'size_t' to 'unsigned int', possible loss of data
C:\Users\trand\Documents\GITHUB\GD1P03_Game (SFML)\GD1P03_Game\GD1P03_Game\WorldManager.cpp(741,62): warning C4267: 'argument': conversion from 'size_t' to 'unsigned int', possible loss of data
C:\Users\trand\Documents\GITHUB\GD1P03_Game (SFML)\GD1P03_Game\GD1P03_Game\WorldManager.cpp(751,62): warning C4267: 'argument': conversion from 'size_t' to 'unsigned int', possible loss of data
C:\Users\trand\Documents\GITHUB\GD1P03_Game (SFML)\GD1P03_Game\GD1P03_Game\WorldManager.cpp(761,62): warning C4267: 'argument': conversion from 'size_t' to 'unsigned int', possible loss of data
C:\Users\trand\Documents\GITHUB\GD1P03_Game (SFML)\GD1P03_Game\GD1P03_Game\WorldManager.cpp(771,62): warning C4267: 'argument': conversion from 'size_t' to 'unsigned int', possible loss of data
C:\Users\trand\Documents\GITHUB\GD1P03_Game (SFML)\GD1P03_Game\GD1P03_Game\WorldManager.cpp(781,62): warning C4267: 'argument': conversion from 'size_t' to 'unsigned int', possible loss of data
C:\Users\trand\Documents\GITHUB\GD1P03_Game (SFML)\GD1P03_Game\GD1P03_Game\WorldManager.cpp(791,62): warning C4267: 'argument': conversion from 'size_t' to 'unsigned int', possible loss of data
C:\Users\trand\Documents\GITHUB\GD1P03_Game (SFML)\GD1P03_Game\GD1P03_Game\WorldManager.cpp(807,125): warning C4244: 'argument': conversion from 'int' to 'float', possible loss of data
C:\Users\trand\Documents\GITHUB\GD1P03_Game (SFML)\GD1P03_Game\GD1P03_Game\WorldManager.cpp(807,117): warning C4244: 'argument': conversion from 'int' to 'float', possible loss of data
C:\Users\trand\Documents\GITHUB\GD1P03_Game (SFML)\GD1P03_Game\GD1P03_Game\WorldManager.cpp(817,129): warning C4244: 'argument': conversion from 'int' to 'float', possible loss of data
C:\Users\trand\Documents\GITHUB\GD1P03_Game (SFML)\GD1P03_Game\GD1P03_Game\WorldManager.cpp(817,121): warning C4244: 'argument': conversion from 'int' to 'float', possible loss of data
C:\Users\trand\Documents\GITHUB\GD1P03_Game (SFML)\GD1P03_Game\GD1P03_Game\WorldManager.cpp(825,128): warning C4244: 'argument': conversion from 'int' to 'float', possible loss of data
C:\Users\trand\Documents\GITHUB\GD1P03_Game (SFML)\GD1P03_Game\GD1P03_Game\WorldManager.cpp(825,120): warning C4244: 'argument': conversion from 'int' to 'float', possible loss of data
C:\Users\trand\Documents\GITHUB\GD1P03_Game (SFML)\GD1P03_Game\GD1P03_Game\WorldManager.cpp(852,144): warning C4244: 'argument': conversion from 'int' to 'float', possible loss of data
C:\Users\trand\Documents\GITHUB\GD1P03_Game (SFML)\GD1P03_Game\GD1P03_Game\WorldManager.cpp(852,136): warning C4244: 'argument': conversion from 'int' to 'float', possible loss of data
C:\Users\trand\Documents\GITHUB\GD1P03_Game (SFML)\GD1P03_Game\GD1P03_Game\WorldManager.cpp(865,123): warning C4244: 'argument': conversion from 'int' to 'float', possible loss of data
C:\Users\trand\Documents\GITHUB\GD1P03_Game (SFML)\GD1P03_Game\GD1P03_Game\WorldManager.cpp(865,115): warning C4244: 'argument': conversion from 'int' to 'float', possible loss of data
C:\Users\trand\Documents\GITHUB\GD1P03_Game (SFML)\GD1P03_Game\GD1P03_Game\WorldManager.cpp(873,120): warning C4244: 'argument': conversion from 'int' to 'float', possible loss of data
C:\Users\trand\Documents\GITHUB\GD1P03_Game (SFML)\GD1P03_Game\GD1P03_Game\WorldManager.cpp(873,112): warning C4244: 'argument': conversion from 'int' to 'float', possible loss of data
C:\Users\trand\Documents\GITHUB\GD1P03_Game (SFML)\GD1P03_Game\GD1P03_Game\WorldManager.cpp(881,125): warning C4244: 'argument': conversion from 'int' to 'float', possible loss of data
C:\Users\trand\Documents\GITHUB\GD1P03_Game (SFML)\GD1P03_Game\GD1P03_Game\WorldManager.cpp(881,117): warning C4244: 'argument': conversion from 'int' to 'float', possible loss of data
C:\Users\trand\Documents\GITHUB\GD1P03_Game (SFML)\GD1P03_Game\GD1P03_Game\WorldManager.cpp(889,123): warning C4244: 'argument': conversion from 'int' to 'float', possible loss of data
C:\Users\trand\Documents\GITHUB\GD1P03_Game (SFML)\GD1P03_Game\GD1P03_Game\WorldManager.cpp(889,115): warning C4244: 'argument': conversion from 'int' to 'float', possible loss of data
C:\Users\trand\Documents\GITHUB\GD1P03_Game (SFML)\GD1P03_Game\GD1P03_Game\WorldManager.cpp(897,125): warning C4244: 'argument': conversion from 'int' to 'float', possible loss of data
C:\Users\trand\Documents\GITHUB\GD1P03_Game (SFML)\GD1P03_Game\GD1P03_Game\WorldManager.cpp(897,117): warning C4244: 'argument': conversion from 'int' to 'float', possible loss of data
C:\Users\trand\Documents\GITHUB\GD1P03_Game (SFML)\GD1P03_Game\GD1P03_Game\WorldManager.cpp(909,128): warning C4244: 'argument': conversion from 'int' to 'float', possible loss of data
C:\Users\trand\Documents\GITHUB\GD1P03_Game (SFML)\GD1P03_Game\GD1P03_Game\WorldManager.cpp(909,120): warning C4244: 'argument': conversion from 'int' to 'float', possible loss of data
C:\Users\trand\Documents\GITHUB\GD1P03_Game (SFML)\GD1P03_Game\GD1P03_Game\WorldManager.cpp(917,128): warning C4244: 'argument': conversion from 'int' to 'float', possible loss of data
C:\Users\trand\Documents\GITHUB\GD1P03_Game (SFML)\GD1P03_Game\GD1P03_Game\WorldManager.cpp(917,120): warning C4244: 'argument': conversion from 'int' to 'float', possible loss of data
C:\Users\trand\Documents\GITHUB\GD1P03_Game (SFML)\GD1P03_Game\GD1P03_Game\WorldManager.cpp(927,141): warning C4244: 'argument': conversion from 'int' to 'float', possible loss of data
C:\Users\trand\Documents\GITHUB\GD1P03_Game (SFML)\GD1P03_Game\GD1P03_Game\WorldManager.cpp(927,133): warning C4244: 'argument': conversion from 'int' to 'float', possible loss of data
C:\Users\trand\Documents\GITHUB\GD1P03_Game (SFML)\GD1P03_Game\GD1P03_Game\WorldManager.cpp(935,132): warning C4244: 'argument': conversion from 'int' to 'float', possible loss of data
C:\Users\trand\Documents\GITHUB\GD1P03_Game (SFML)\GD1P03_Game\GD1P03_Game\WorldManager.cpp(935,124): warning C4244: 'argument': conversion from 'int' to 'float', possible loss of data
C:\Users\trand\Documents\GITHUB\GD1P03_Game (SFML)\GD1P03_Game\GD1P03_Game\WorldManager.cpp(946,141): warning C4244: 'argument': conversion from 'int' to 'float', possible loss of data
C:\Users\trand\Documents\GITHUB\GD1P03_Game (SFML)\GD1P03_Game\GD1P03_Game\WorldManager.cpp(946,133): warning C4244: 'argument': conversion from 'int' to 'float', possible loss of data
C:\Users\trand\Documents\GITHUB\GD1P03_Game (SFML)\GD1P03_Game\GD1P03_Game\WorldManager.cpp(954,137): warning C4244: 'argument': conversion from 'int' to 'float', possible loss of data
C:\Users\trand\Documents\GITHUB\GD1P03_Game (SFML)\GD1P03_Game\GD1P03_Game\WorldManager.cpp(954,129): warning C4244: 'argument': conversion from 'int' to 'float', possible loss of data
C:\Users\trand\Documents\GITHUB\GD1P03_Game (SFML)\GD1P03_Game\GD1P03_Game\WorldManager.cpp(969,140): warning C4244: 'argument': conversion from 'int' to 'float', possible loss of data
C:\Users\trand\Documents\GITHUB\GD1P03_Game (SFML)\GD1P03_Game\GD1P03_Game\WorldManager.cpp(969,126): warning C4244: 'argument': conversion from 'int' to 'float', possible loss of data
C:\Users\trand\Documents\GITHUB\GD1P03_Game (SFML)\GD1P03_Game\GD1P03_Game\WorldManager.cpp(973,140): warning C4244: 'argument': conversion from 'int' to 'float', possible loss of data
C:\Users\trand\Documents\GITHUB\GD1P03_Game (SFML)\GD1P03_Game\GD1P03_Game\WorldManager.cpp(973,126): warning C4244: 'argument': conversion from 'int' to 'float', possible loss of data
C:\Users\trand\Documents\GITHUB\GD1P03_Game (SFML)\GD1P03_Game\GD1P03_Game\WorldManager.cpp(977,140): warning C4244: 'argument': conversion from 'int' to 'float', possible loss of data
C:\Users\trand\Documents\GITHUB\GD1P03_Game (SFML)\GD1P03_Game\GD1P03_Game\WorldManager.cpp(977,126): warning C4244: 'argument': conversion from 'int' to 'float', possible loss of data
C:\Users\trand\Documents\GITHUB\GD1P03_Game (SFML)\GD1P03_Game\GD1P03_Game\WorldManager.cpp(985,144): warning C4244: 'argument': conversion from 'int' to 'float', possible loss of data
C:\Users\trand\Documents\GITHUB\GD1P03_Game (SFML)\GD1P03_Game\GD1P03_Game\WorldManager.cpp(985,130): warning C4244: 'argument': conversion from 'int' to 'float', possible loss of data
C:\Users\trand\Documents\GITHUB\GD1P03_Game (SFML)\GD1P03_Game\GD1P03_Game\WorldManager.cpp(992,144): warning C4244: 'argument': conversion from 'int' to 'float', possible loss of data
C:\Users\trand\Documents\GITHUB\GD1P03_Game (SFML)\GD1P03_Game\GD1P03_Game\WorldManager.cpp(992,130): warning C4244: 'argument': conversion from 'int' to 'float', possible loss of data
C:\Users\trand\Documents\GITHUB\GD1P03_Game (SFML)\GD1P03_Game\GD1P03_Game\WorldManager.cpp(996,144): warning C4244: 'argument': conversion from 'int' to 'float', possible loss of data
C:\Users\trand\Documents\GITHUB\GD1P03_Game (SFML)\GD1P03_Game\GD1P03_Game\WorldManager.cpp(996,130): warning C4244: 'argument': conversion from 'int' to 'float', possible loss of data
C:\Users\trand\Documents\GITHUB\GD1P03_Game (SFML)\GD1P03_Game\GD1P03_Game\WorldManager.cpp(1003,144): warning C4244: 'argument': conversion from 'int' to 'float', possible loss of data
C:\Users\trand\Documents\GITHUB\GD1P03_Game (SFML)\GD1P03_Game\GD1P03_Game\WorldManager.cpp(1003,130): warning C4244: 'argument': conversion from 'int' to 'float', possible loss of data
C:\Users\trand\Documents\GITHUB\GD1P03_Game (SFML)\GD1P03_Game\GD1P03_Game\WorldManager.cpp(1007,144): warning C4244: 'argument': conversion from 'int' to 'float', possible loss of data
C:\Users\trand\Documents\GITHUB\GD1P03_Game (SFML)\GD1P03_Game\GD1P03_Game\WorldManager.cpp(1007,130): warning C4244: 'argument': conversion from 'int' to 'float', possible loss of data
C:\Users\trand\Documents\GITHUB\GD1P03_Game (SFML)\GD1P03_Game\GD1P03_Game\WorldManager.cpp(1011,144): warning C4244: 'argument': conversion from 'int' to 'float', possible loss of data
C:\Users\trand\Documents\GITHUB\GD1P03_Game (SFML)\GD1P03_Game\GD1P03_Game\WorldManager.cpp(1011,130): warning C4244: 'argument': conversion from 'int' to 'float', possible loss of data
C:\Users\trand\Documents\GITHUB\GD1P03_Game (SFML)\GD1P03_Game\GD1P03_Game\WorldManager.cpp(1022,101): warning C4244: 'argument': conversion from 'int' to 'float', possible loss of data
C:\Users\trand\Documents\GITHUB\GD1P03_Game (SFML)\GD1P03_Game\GD1P03_Game\WorldManager.cpp(1022,87): warning C4244: 'argument': conversion from 'int' to 'float', possible loss of data
C:\Users\trand\Documents\GITHUB\GD1P03_Game (SFML)\GD1P03_Game\GD1P03_Game\WorldManager.cpp(1023,70): warning C4244: 'argument': conversion from 'int' to 'float', possible loss of data
C:\Users\trand\Documents\GITHUB\GD1P03_Game (SFML)\GD1P03_Game\GD1P03_Game\WorldManager.cpp(1023,56): warning C4244: 'argument': conversion from 'int' to 'float', possible loss of data
C:\Users\trand\Documents\GITHUB\GD1P03_Game (SFML)\GD1P03_Game\GD1P03_Game\WorldManager.cpp(1025,62): warning C4267: 'argument': conversion from 'size_t' to 'unsigned int', possible loss of data
C:\Users\trand\Documents\GITHUB\GD1P03_Game (SFML)\GD1P03_Game\GD1P03_Game\WorldManager.cpp(1035,62): warning C4267: 'argument': conversion from 'size_t' to 'unsigned int', possible loss of data
C:\Users\trand\Documents\GITHUB\GD1P03_Game (SFML)\GD1P03_Game\GD1P03_Game\WorldManager.cpp(1045,62): warning C4267: 'argument': conversion from 'size_t' to 'unsigned int', possible loss of data
C:\Users\trand\Documents\GITHUB\GD1P03_Game (SFML)\GD1P03_Game\GD1P03_Game\WorldManager.cpp(1055,62): warning C4267: 'argument': conversion from 'size_t' to 'unsigned int', possible loss of data
C:\Users\trand\Documents\GITHUB\GD1P03_Game (SFML)\GD1P03_Game\GD1P03_Game\WorldManager.cpp(1065,62): warning C4267: 'argument': conversion from 'size_t' to 'unsigned int', possible loss of data
C:\Users\trand\Documents\GITHUB\GD1P03_Game (SFML)\GD1P03_Game\GD1P03_Game\WorldManager.cpp(1075,62): warning C4267: 'argument': conversion from 'size_t' to 'unsigned int', possible loss of data
C:\Users\trand\Documents\GITHUB\GD1P03_Game (SFML)\GD1P03_Game\GD1P03_Game\WorldManager.cpp(1085,62): warning C4267: 'argument': conversion from 'size_t' to 'unsigned int', possible loss of data
C:\Users\trand\Documents\GITHUB\GD1P03_Game (SFML)\GD1P03_Game\GD1P03_Game\WorldManager.cpp(1095,62): warning C4267: 'argument': conversion from 'size_t' to 'unsigned int', possible loss of data
C:\Users\trand\Documents\GITHUB\GD1P03_Game (SFML)\GD1P03_Game\GD1P03_Game\WorldManager.cpp(1105,62): warning C4267: 'argument': conversion from 'size_t' to 'unsigned int', possible loss of data
C:\Users\trand\Documents\GITHUB\GD1P03_Game (SFML)\GD1P03_Game\GD1P03_Game\WorldManager.cpp(1115,62): warning C4267: 'argument': conversion from 'size_t' to 'unsigned int', possible loss of data
C:\Users\trand\Documents\GITHUB\GD1P03_Game (SFML)\GD1P03_Game\GD1P03_Game\WorldManager.cpp(1125,62): warning C4267: 'argument': conversion from 'size_t' to 'unsigned int', possible loss of data
C:\Users\trand\Documents\GITHUB\GD1P03_Game (SFML)\GD1P03_Game\GD1P03_Game\WorldManager.cpp(1141,124): warning C4244: 'argument': conversion from 'int' to 'float', possible loss of data
C:\Users\trand\Documents\GITHUB\GD1P03_Game (SFML)\GD1P03_Game\GD1P03_Game\WorldManager.cpp(1141,116): warning C4244: 'argument': conversion from 'int' to 'float', possible loss of data
C:\Users\trand\Documents\GITHUB\GD1P03_Game (SFML)\GD1P03_Game\GD1P03_Game\WorldManager.cpp(1151,133): warning C4244: 'argument': conversion from 'int' to 'float', possible loss of data
C:\Users\trand\Documents\GITHUB\GD1P03_Game (SFML)\GD1P03_Game\GD1P03_Game\WorldManager.cpp(1151,125): warning C4244: 'argument': conversion from 'int' to 'float', possible loss of data
C:\Users\trand\Documents\GITHUB\GD1P03_Game (SFML)\GD1P03_Game\GD1P03_Game\WorldManager.cpp(1159,128): warning C4244: 'argument': conversion from 'int' to 'float', possible loss of data
C:\Users\trand\Documents\GITHUB\GD1P03_Game (SFML)\GD1P03_Game\GD1P03_Game\WorldManager.cpp(1159,120): warning C4244: 'argument': conversion from 'int' to 'float', possible loss of data
C:\Users\trand\Documents\GITHUB\GD1P03_Game (SFML)\GD1P03_Game\GD1P03_Game\WorldManager.cpp(1186,144): warning C4244: 'argument': conversion from 'int' to 'float', possible loss of data
C:\Users\trand\Documents\GITHUB\GD1P03_Game (SFML)\GD1P03_Game\GD1P03_Game\WorldManager.cpp(1186,136): warning C4244: 'argument': conversion from 'int' to 'float', possible loss of data
C:\Users\trand\Documents\GITHUB\GD1P03_Game (SFML)\GD1P03_Game\GD1P03_Game\WorldManager.cpp(1199,123): warning C4244: 'argument': conversion from 'int' to 'float', possible loss of data
C:\Users\trand\Documents\GITHUB\GD1P03_Game (SFML)\GD1P03_Game\GD1P03_Game\WorldManager.cpp(1199,115): warning C4244: 'argument': conversion from 'int' to 'float', possible loss of data
C:\Users\trand\Documents\GITHUB\GD1P03_Game (SFML)\GD1P03_Game\GD1P03_Game\WorldManager.cpp(1207,120): warning C4244: 'argument': conversion from 'int' to 'float', possible loss of data
C:\Users\trand\Documents\GITHUB\GD1P03_Game (SFML)\GD1P03_Game\GD1P03_Game\WorldManager.cpp(1207,112): warning C4244: 'argument': conversion from 'int' to 'float', possible loss of data
C:\Users\trand\Documents\GITHUB\GD1P03_Game (SFML)\GD1P03_Game\GD1P03_Game\WorldManager.cpp(1215,126): warning C4244: 'argument': conversion from 'int' to 'float', possible loss of data
C:\Users\trand\Documents\GITHUB\GD1P03_Game (SFML)\GD1P03_Game\GD1P03_Game\WorldManager.cpp(1215,118): warning C4244: 'argument': conversion from 'int' to 'float', possible loss of data
C:\Users\trand\Documents\GITHUB\GD1P03_Game (SFML)\GD1P03_Game\GD1P03_Game\WorldManager.cpp(1223,123): warning C4244: 'argument': conversion from 'int' to 'float', possible loss of data
C:\Users\trand\Documents\GITHUB\GD1P03_Game (SFML)\GD1P03_Game\GD1P03_Game\WorldManager.cpp(1223,115): warning C4244: 'argument': conversion from 'int' to 'float', possible loss of data
C:\Users\trand\Documents\GITHUB\GD1P03_Game (SFML)\GD1P03_Game\GD1P03_Game\WorldManager.cpp(1235,128): warning C4244: 'argument': conversion from 'int' to 'float', possible loss of data
C:\Users\trand\Documents\GITHUB\GD1P03_Game (SFML)\GD1P03_Game\GD1P03_Game\WorldManager.cpp(1235,120): warning C4244: 'argument': conversion from 'int' to 'float', possible loss of data
C:\Users\trand\Documents\GITHUB\GD1P03_Game (SFML)\GD1P03_Game\GD1P03_Game\WorldManager.cpp(1243,128): warning C4244: 'argument': conversion from 'int' to 'float', possible loss of data
C:\Users\trand\Documents\GITHUB\GD1P03_Game (SFML)\GD1P03_Game\GD1P03_Game\WorldManager.cpp(1243,120): warning C4244: 'argument': conversion from 'int' to 'float', possible loss of data
C:\Users\trand\Documents\GITHUB\GD1P03_Game (SFML)\GD1P03_Game\GD1P03_Game\WorldManager.cpp(1253,138): warning C4244: 'argument': conversion from 'int' to 'float', possible loss of data
C:\Users\trand\Documents\GITHUB\GD1P03_Game (SFML)\GD1P03_Game\GD1P03_Game\WorldManager.cpp(1253,130): warning C4244: 'argument': conversion from 'int' to 'float', possible loss of data
C:\Users\trand\Documents\GITHUB\GD1P03_Game (SFML)\GD1P03_Game\GD1P03_Game\WorldManager.cpp(1262,132): warning C4244: 'argument': conversion from 'int' to 'float', possible loss of data
C:\Users\trand\Documents\GITHUB\GD1P03_Game (SFML)\GD1P03_Game\GD1P03_Game\WorldManager.cpp(1262,124): warning C4244: 'argument': conversion from 'int' to 'float', possible loss of data
C:\Users\trand\Documents\GITHUB\GD1P03_Game (SFML)\GD1P03_Game\GD1P03_Game\WorldManager.cpp(1273,138): warning C4244: 'argument': conversion from 'int' to 'float', possible loss of data
C:\Users\trand\Documents\GITHUB\GD1P03_Game (SFML)\GD1P03_Game\GD1P03_Game\WorldManager.cpp(1273,130): warning C4244: 'argument': conversion from 'int' to 'float', possible loss of data
C:\Users\trand\Documents\GITHUB\GD1P03_Game (SFML)\GD1P03_Game\GD1P03_Game\WorldManager.cpp(1281,133): warning C4244: 'argument': conversion from 'int' to 'float', possible loss of data
C:\Users\trand\Documents\GITHUB\GD1P03_Game (SFML)\GD1P03_Game\GD1P03_Game\WorldManager.cpp(1281,125): warning C4244: 'argument': conversion from 'int' to 'float', possible loss of data
C:\Users\trand\Documents\GITHUB\GD1P03_Game (SFML)\GD1P03_Game\GD1P03_Game\WorldManager.cpp(1296,138): warning C4244: 'argument': conversion from 'int' to 'float', possible loss of data
C:\Users\trand\Documents\GITHUB\GD1P03_Game (SFML)\GD1P03_Game\GD1P03_Game\WorldManager.cpp(1296,124): warning C4244: 'argument': conversion from 'int' to 'float', possible loss of data
C:\Users\trand\Documents\GITHUB\GD1P03_Game (SFML)\GD1P03_Game\GD1P03_Game\WorldManager.cpp(1300,138): warning C4244: 'argument': conversion from 'int' to 'float', possible loss of data
C:\Users\trand\Documents\GITHUB\GD1P03_Game (SFML)\GD1P03_Game\GD1P03_Game\WorldManager.cpp(1300,124): warning C4244: 'argument': conversion from 'int' to 'float', possible loss of data
C:\Users\trand\Documents\GITHUB\GD1P03_Game (SFML)\GD1P03_Game\GD1P03_Game\WorldManager.cpp(1304,138): warning C4244: 'argument': conversion from 'int' to 'float', possible loss of data
C:\Users\trand\Documents\GITHUB\GD1P03_Game (SFML)\GD1P03_Game\GD1P03_Game\WorldManager.cpp(1304,124): warning C4244: 'argument': conversion from 'int' to 'float', possible loss of data
C:\Users\trand\Documents\GITHUB\GD1P03_Game (SFML)\GD1P03_Game\GD1P03_Game\WorldManager.cpp(1308,138): warning C4244: 'argument': conversion from 'int' to 'float', possible loss of data
C:\Users\trand\Documents\GITHUB\GD1P03_Game (SFML)\GD1P03_Game\GD1P03_Game\WorldManager.cpp(1308,124): warning C4244: 'argument': conversion from 'int' to 'float', possible loss of data
C:\Users\trand\Documents\GITHUB\GD1P03_Game (SFML)\GD1P03_Game\GD1P03_Game\WorldManager.cpp(1312,138): warning C4244: 'argument': conversion from 'int' to 'float', possible loss of data
C:\Users\trand\Documents\GITHUB\GD1P03_Game (SFML)\GD1P03_Game\GD1P03_Game\WorldManager.cpp(1312,124): warning C4244: 'argument': conversion from 'int' to 'float', possible loss of data
C:\Users\trand\Documents\GITHUB\GD1P03_Game (SFML)\GD1P03_Game\GD1P03_Game\WorldManager.cpp(1316,138): warning C4244: 'argument': conversion from 'int' to 'float', possible loss of data
C:\Users\trand\Documents\GITHUB\GD1P03_Game (SFML)\GD1P03_Game\GD1P03_Game\WorldManager.cpp(1316,124): warning C4244: 'argument': conversion from 'int' to 'float', possible loss of data
C:\Users\trand\Documents\GITHUB\GD1P03_Game (SFML)\GD1P03_Game\GD1P03_Game\WorldManager.cpp(1324,143): warning C4244: 'argument': conversion from 'int' to 'float', possible loss of data
C:\Users\trand\Documents\GITHUB\GD1P03_Game (SFML)\GD1P03_Game\GD1P03_Game\WorldManager.cpp(1324,129): warning C4244: 'argument': conversion from 'int' to 'float', possible loss of data
C:\Users\trand\Documents\GITHUB\GD1P03_Game (SFML)\GD1P03_Game\GD1P03_Game\WorldManager.cpp(1328,143): warning C4244: 'argument': conversion from 'int' to 'float', possible loss of data
C:\Users\trand\Documents\GITHUB\GD1P03_Game (SFML)\GD1P03_Game\GD1P03_Game\WorldManager.cpp(1328,129): warning C4244: 'argument': conversion from 'int' to 'float', possible loss of data
C:\Users\trand\Documents\GITHUB\GD1P03_Game (SFML)\GD1P03_Game\GD1P03_Game\WorldManager.cpp(1332,143): warning C4244: 'argument': conversion from 'int' to 'float', possible loss of data
C:\Users\trand\Documents\GITHUB\GD1P03_Game (SFML)\GD1P03_Game\GD1P03_Game\WorldManager.cpp(1332,129): warning C4244: 'argument': conversion from 'int' to 'float', possible loss of data
C:\Users\trand\Documents\GITHUB\GD1P03_Game (SFML)\GD1P03_Game\GD1P03_Game\WorldManager.cpp(1336,143): warning C4244: 'argument': conversion from 'int' to 'float', possible loss of data
C:\Users\trand\Documents\GITHUB\GD1P03_Game (SFML)\GD1P03_Game\GD1P03_Game\WorldManager.cpp(1336,129): warning C4244: 'argument': conversion from 'int' to 'float', possible loss of data
C:\Users\trand\Documents\GITHUB\GD1P03_Game (SFML)\GD1P03_Game\GD1P03_Game\WorldManager.cpp(1341,144): warning C4244: 'argument': conversion from 'int' to 'float', possible loss of data
C:\Users\trand\Documents\GITHUB\GD1P03_Game (SFML)\GD1P03_Game\GD1P03_Game\WorldManager.cpp(1341,129): warning C4244: 'argument': conversion from 'int' to 'float', possible loss of data
C:\Users\trand\Documents\GITHUB\GD1P03_Game (SFML)\GD1P03_Game\GD1P03_Game\WorldManager.cpp(1345,144): warning C4244: 'argument': conversion from 'int' to 'float', possible loss of data
C:\Users\trand\Documents\GITHUB\GD1P03_Game (SFML)\GD1P03_Game\GD1P03_Game\WorldManager.cpp(1345,129): warning C4244: 'argument': conversion from 'int' to 'float', possible loss of data
C:\Users\trand\Documents\GITHUB\GD1P03_Game (SFML)\GD1P03_Game\GD1P03_Game\WorldManager.cpp(1349,143): warning C4244: 'argument': conversion from 'int' to 'float', possible loss of data
C:\Users\trand\Documents\GITHUB\GD1P03_Game (SFML)\GD1P03_Game\GD1P03_Game\WorldManager.cpp(1349,129): warning C4244: 'argument': conversion from 'int' to 'float', possible loss of data
C:\Users\trand\Documents\GITHUB\GD1P03_Game (SFML)\GD1P03_Game\GD1P03_Game\WorldManager.cpp(1353,145): warning C4244: 'argument': conversion from 'int' to 'float', possible loss of data
C:\Users\trand\Documents\GITHUB\GD1P03_Game (SFML)\GD1P03_Game\GD1P03_Game\WorldManager.cpp(1353,129): warning C4244: 'argument': conversion from 'int' to 'float', possible loss of data
C:\Users\trand\Documents\GITHUB\GD1P03_Game (SFML)\GD1P03_Game\GD1P03_Game\WorldManager.cpp(1357,144): warning C4244: 'argument': conversion from 'int' to 'float', possible loss of data
C:\Users\trand\Documents\GITHUB\GD1P03_Game (SFML)\GD1P03_Game\GD1P03_Game\WorldManager.cpp(1357,129): warning C4244: 'argument': conversion from 'int' to 'float', possible loss of data
C:\Users\trand\Documents\GITHUB\GD1P03_Game (SFML)\GD1P03_Game\GD1P03_Game\WorldManager.cpp(1361,145): warning C4244: 'argument': conversion from 'int' to 'float', possible loss of data
C:\Users\trand\Documents\GITHUB\GD1P03_Game (SFML)\GD1P03_Game\GD1P03_Game\WorldManager.cpp(1361,129): warning C4244: 'argument': conversion from 'int' to 'float', possible loss of data
C:\Users\trand\Documents\GITHUB\GD1P03_Game (SFML)\GD1P03_Game\GD1P03_Game\WorldManager.cpp(1366,144): warning C4244: 'argument': conversion from 'int' to 'float', possible loss of data
C:\Users\trand\Documents\GITHUB\GD1P03_Game (SFML)\GD1P03_Game\GD1P03_Game\WorldManager.cpp(1366,129): warning C4244: 'argument': conversion from 'int' to 'float', possible loss of data
C:\Users\trand\Documents\GITHUB\GD1P03_Game (SFML)\GD1P03_Game\GD1P03_Game\WorldManager.cpp(1370,144): warning C4244: 'argument': conversion from 'int' to 'float', possible loss of data
C:\Users\trand\Documents\GITHUB\GD1P03_Game (SFML)\GD1P03_Game\GD1P03_Game\WorldManager.cpp(1370,129): warning C4244: 'argument': conversion from 'int' to 'float', possible loss of data
C:\Users\trand\Documents\GITHUB\GD1P03_Game (SFML)\GD1P03_Game\GD1P03_Game\WorldManager.cpp(1374,143): warning C4244: 'argument': conversion from 'int' to 'float', possible loss of data
C:\Users\trand\Documents\GITHUB\GD1P03_Game (SFML)\GD1P03_Game\GD1P03_Game\WorldManager.cpp(1374,129): warning C4244: 'argument': conversion from 'int' to 'float', possible loss of data
C:\Users\trand\Documents\GITHUB\GD1P03_Game (SFML)\GD1P03_Game\GD1P03_Game\WorldManager.cpp(1378,144): warning C4244: 'argument': conversion from 'int' to 'float', possible loss of data
C:\Users\trand\Documents\GITHUB\GD1P03_Game (SFML)\GD1P03_Game\GD1P03_Game\WorldManager.cpp(1378,129): warning C4244: 'argument': conversion from 'int' to 'float', possible loss of data
C:\Users\trand\Documents\GITHUB\GD1P03_Game (SFML)\GD1P03_Game\GD1P03_Game\WorldManager.cpp(1383,144): warning C4244: 'argument': conversion from 'int' to 'float', possible loss of data
C:\Users\trand\Documents\GITHUB\GD1P03_Game (SFML)\GD1P03_Game\GD1P03_Game\WorldManager.cpp(1383,129): warning C4244: 'argument': conversion from 'int' to 'float', possible loss of data
C:\Users\trand\Documents\GITHUB\GD1P03_Game (SFML)\GD1P03_Game\GD1P03_Game\WorldManager.cpp(1387,144): warning C4244: 'argument': conversion from 'int' to 'float', possible loss of data
C:\Users\trand\Documents\GITHUB\GD1P03_Game (SFML)\GD1P03_Game\GD1P03_Game\WorldManager.cpp(1387,129): warning C4244: 'argument': conversion from 'int' to 'float', possible loss of data
C:\Users\trand\Documents\GITHUB\GD1P03_Game (SFML)\GD1P03_Game\GD1P03_Game\WorldManager.cpp(1397,101): warning C4244: 'argument': conversion from 'int' to 'float', possible loss of data
C:\Users\trand\Documents\GITHUB\GD1P03_Game (SFML)\GD1P03_Game\GD1P03_Game\WorldManager.cpp(1397,87): warning C4244: 'argument': conversion from 'int' to 'float', possible loss of data
C:\Users\trand\Documents\GITHUB\GD1P03_Game (SFML)\GD1P03_Game\GD1P03_Game\WorldManager.cpp(1398,70): warning C4244: 'argument': conversion from 'int' to 'float', possible loss of data
C:\Users\trand\Documents\GITHUB\GD1P03_Game (SFML)\GD1P03_Game\GD1P03_Game\WorldManager.cpp(1398,56): warning C4244: 'argument': conversion from 'int' to 'float', possible loss of data
C:\Users\trand\Documents\GITHUB\GD1P03_Game (SFML)\GD1P03_Game\GD1P03_Game\WorldManager.cpp(1400,62): warning C4267: 'argument': conversion from 'size_t' to 'unsigned int', possible loss of data
C:\Users\trand\Documents\GITHUB\GD1P03_Game (SFML)\GD1P03_Game\GD1P03_Game\WorldManager.cpp(1410,62): warning C4267: 'argument': conversion from 'size_t' to 'unsigned int', possible loss of data
C:\Users\trand\Documents\GITHUB\GD1P03_Game (SFML)\GD1P03_Game\GD1P03_Game\WorldManager.cpp(1420,62): warning C4267: 'argument': conversion from 'size_t' to 'unsigned int', possible loss of data
C:\Users\trand\Documents\GITHUB\GD1P03_Game (SFML)\GD1P03_Game\GD1P03_Game\WorldManager.cpp(1430,62): warning C4267: 'argument': conversion from 'size_t' to 'unsigned int', possible loss of data
C:\Users\trand\Documents\GITHUB\GD1P03_Game (SFML)\GD1P03_Game\GD1P03_Game\WorldManager.cpp(1440,62): warning C4267: 'argument': conversion from 'size_t' to 'unsigned int', possible loss of data
C:\Users\trand\Documents\GITHUB\GD1P03_Game (SFML)\GD1P03_Game\GD1P03_Game\WorldManager.cpp(1450,62): warning C4267: 'argument': conversion from 'size_t' to 'unsigned int', possible loss of data
C:\Users\trand\Documents\GITHUB\GD1P03_Game (SFML)\GD1P03_Game\GD1P03_Game\WorldManager.cpp(1460,62): warning C4267: 'argument': conversion from 'size_t' to 'unsigned int', possible loss of data
C:\Users\trand\Documents\GITHUB\GD1P03_Game (SFML)\GD1P03_Game\GD1P03_Game\WorldManager.cpp(1470,62): warning C4267: 'argument': conversion from 'size_t' to 'unsigned int', possible loss of data
C:\Users\trand\Documents\GITHUB\GD1P03_Game (SFML)\GD1P03_Game\GD1P03_Game\WorldManager.cpp(1480,62): warning C4267: 'argument': conversion from 'size_t' to 'unsigned int', possible loss of data
C:\Users\trand\Documents\GITHUB\GD1P03_Game (SFML)\GD1P03_Game\GD1P03_Game\WorldManager.cpp(1490,62): warning C4267: 'argument': conversion from 'size_t' to 'unsigned int', possible loss of data
C:\Users\trand\Documents\GITHUB\GD1P03_Game (SFML)\GD1P03_Game\GD1P03_Game\WorldManager.cpp(1500,62): warning C4267: 'argument': conversion from 'size_t' to 'unsigned int', possible loss of data
C:\Users\trand\Documents\GITHUB\GD1P03_Game (SFML)\GD1P03_Game\GD1P03_Game\WorldManager.cpp(1516,124): warning C4244: 'argument': conversion from 'int' to 'float', possible loss of data
C:\Users\trand\Documents\GITHUB\GD1P03_Game (SFML)\GD1P03_Game\GD1P03_Game\WorldManager.cpp(1516,116): warning C4244: 'argument': conversion from 'int' to 'float', possible loss of data
C:\Users\trand\Documents\GITHUB\GD1P03_Game (SFML)\GD1P03_Game\GD1P03_Game\WorldManager.cpp(1526,129): warning C4244: 'argument': conversion from 'int' to 'float', possible loss of data
C:\Users\trand\Documents\GITHUB\GD1P03_Game (SFML)\GD1P03_Game\GD1P03_Game\WorldManager.cpp(1526,121): warning C4244: 'argument': conversion from 'int' to 'float', possible loss of data
C:\Users\trand\Documents\GITHUB\GD1P03_Game (SFML)\GD1P03_Game\GD1P03_Game\WorldManager.cpp(1534,128): warning C4244: 'argument': conversion from 'int' to 'float', possible loss of data
C:\Users\trand\Documents\GITHUB\GD1P03_Game (SFML)\GD1P03_Game\GD1P03_Game\WorldManager.cpp(1534,120): warning C4244: 'argument': conversion from 'int' to 'float', possible loss of data
C:\Users\trand\Documents\GITHUB\GD1P03_Game (SFML)\GD1P03_Game\GD1P03_Game\WorldManager.cpp(1561,144): warning C4244: 'argument': conversion from 'int' to 'float', possible loss of data
C:\Users\trand\Documents\GITHUB\GD1P03_Game (SFML)\GD1P03_Game\GD1P03_Game\WorldManager.cpp(1561,136): warning C4244: 'argument': conversion from 'int' to 'float', possible loss of data
C:\Users\trand\Documents\GITHUB\GD1P03_Game (SFML)\GD1P03_Game\GD1P03_Game\WorldManager.cpp(1574,123): warning C4244: 'argument': conversion from 'int' to 'float', possible loss of data
C:\Users\trand\Documents\GITHUB\GD1P03_Game (SFML)\GD1P03_Game\GD1P03_Game\WorldManager.cpp(1574,115): warning C4244: 'argument': conversion from 'int' to 'float', possible loss of data
C:\Users\trand\Documents\GITHUB\GD1P03_Game (SFML)\GD1P03_Game\GD1P03_Game\WorldManager.cpp(1582,120): warning C4244: 'argument': conversion from 'int' to 'float', possible loss of data
C:\Users\trand\Documents\GITHUB\GD1P03_Game (SFML)\GD1P03_Game\GD1P03_Game\WorldManager.cpp(1582,112): warning C4244: 'argument': conversion from 'int' to 'float', possible loss of data
C:\Users\trand\Documents\GITHUB\GD1P03_Game (SFML)\GD1P03_Game\GD1P03_Game\WorldManager.cpp(1590,125): warning C4244: 'argument': conversion from 'int' to 'float', possible loss of data
C:\Users\trand\Documents\GITHUB\GD1P03_Game (SFML)\GD1P03_Game\GD1P03_Game\WorldManager.cpp(1590,117): warning C4244: 'argument': conversion from 'int' to 'float', possible loss of data
C:\Users\trand\Documents\GITHUB\GD1P03_Game (SFML)\GD1P03_Game\GD1P03_Game\WorldManager.cpp(1598,123): warning C4244: 'argument': conversion from 'int' to 'float', possible loss of data
C:\Users\trand\Documents\GITHUB\GD1P03_Game (SFML)\GD1P03_Game\GD1P03_Game\WorldManager.cpp(1598,115): warning C4244: 'argument': conversion from 'int' to 'float', possible loss of data
C:\Users\trand\Documents\GITHUB\GD1P03_Game (SFML)\GD1P03_Game\GD1P03_Game\WorldManager.cpp(1606,125): warning C4244: 'argument': conversion from 'int' to 'float', possible loss of data
C:\Users\trand\Documents\GITHUB\GD1P03_Game (SFML)\GD1P03_Game\GD1P03_Game\WorldManager.cpp(1606,117): warning C4244: 'argument': conversion from 'int' to 'float', possible loss of data
C:\Users\trand\Documents\GITHUB\GD1P03_Game (SFML)\GD1P03_Game\GD1P03_Game\WorldManager.cpp(1618,132): warning C4244: 'argument': conversion from 'int' to 'float', possible loss of data
C:\Users\trand\Documents\GITHUB\GD1P03_Game (SFML)\GD1P03_Game\GD1P03_Game\WorldManager.cpp(1618,124): warning C4244: 'argument': conversion from 'int' to 'float', possible loss of data
C:\Users\trand\Documents\GITHUB\GD1P03_Game (SFML)\GD1P03_Game\GD1P03_Game\WorldManager.cpp(1626,132): warning C4244: 'argument': conversion from 'int' to 'float', possible loss of data
C:\Users\trand\Documents\GITHUB\GD1P03_Game (SFML)\GD1P03_Game\GD1P03_Game\WorldManager.cpp(1626,124): warning C4244: 'argument': conversion from 'int' to 'float', possible loss of data
C:\Users\trand\Documents\GITHUB\GD1P03_Game (SFML)\GD1P03_Game\GD1P03_Game\WorldManager.cpp(1636,137): warning C4244: 'argument': conversion from 'int' to 'float', possible loss of data
C:\Users\trand\Documents\GITHUB\GD1P03_Game (SFML)\GD1P03_Game\GD1P03_Game\WorldManager.cpp(1636,129): warning C4244: 'argument': conversion from 'int' to 'float', possible loss of data
C:\Users\trand\Documents\GITHUB\GD1P03_Game (SFML)\GD1P03_Game\GD1P03_Game\WorldManager.cpp(1644,136): warning C4244: 'argument': conversion from 'int' to 'float', possible loss of data
C:\Users\trand\Documents\GITHUB\GD1P03_Game (SFML)\GD1P03_Game\GD1P03_Game\WorldManager.cpp(1644,128): warning C4244: 'argument': conversion from 'int' to 'float', possible loss of data
C:\Users\trand\Documents\GITHUB\GD1P03_Game (SFML)\GD1P03_Game\GD1P03_Game\WorldManager.cpp(1655,137): warning C4244: 'argument': conversion from 'int' to 'float', possible loss of data
C:\Users\trand\Documents\GITHUB\GD1P03_Game (SFML)\GD1P03_Game\GD1P03_Game\WorldManager.cpp(1655,129): warning C4244: 'argument': conversion from 'int' to 'float', possible loss of data
C:\Users\trand\Documents\GITHUB\GD1P03_Game (SFML)\GD1P03_Game\GD1P03_Game\WorldManager.cpp(1663,137): warning C4244: 'argument': conversion from 'int' to 'float', possible loss of data
C:\Users\trand\Documents\GITHUB\GD1P03_Game (SFML)\GD1P03_Game\GD1P03_Game\WorldManager.cpp(1663,129): warning C4244: 'argument': conversion from 'int' to 'float', possible loss of data
C:\Users\trand\Documents\GITHUB\GD1P03_Game (SFML)\GD1P03_Game\GD1P03_Game\WorldManager.cpp(1680,101): warning C4244: 'argument': conversion from 'int' to 'float', possible loss of data
C:\Users\trand\Documents\GITHUB\GD1P03_Game (SFML)\GD1P03_Game\GD1P03_Game\WorldManager.cpp(1680,87): warning C4244: 'argument': conversion from 'int' to 'float', possible loss of data
C:\Users\trand\Documents\GITHUB\GD1P03_Game (SFML)\GD1P03_Game\GD1P03_Game\WorldManager.cpp(1681,70): warning C4244: 'argument': conversion from 'int' to 'float', possible loss of data
C:\Users\trand\Documents\GITHUB\GD1P03_Game (SFML)\GD1P03_Game\GD1P03_Game\WorldManager.cpp(1681,56): warning C4244: 'argument': conversion from 'int' to 'float', possible loss of data
C:\Users\trand\Documents\GITHUB\GD1P03_Game (SFML)\GD1P03_Game\GD1P03_Game\WorldManager.cpp(1683,62): warning C4267: 'argument': conversion from 'size_t' to 'unsigned int', possible loss of data
C:\Users\trand\Documents\GITHUB\GD1P03_Game (SFML)\GD1P03_Game\GD1P03_Game\WorldManager.cpp(1693,62): warning C4267: 'argument': conversion from 'size_t' to 'unsigned int', possible loss of data
C:\Users\trand\Documents\GITHUB\GD1P03_Game (SFML)\GD1P03_Game\GD1P03_Game\WorldManager.cpp(1703,62): warning C4267: 'argument': conversion from 'size_t' to 'unsigned int', possible loss of data
C:\Users\trand\Documents\GITHUB\GD1P03_Game (SFML)\GD1P03_Game\GD1P03_Game\WorldManager.cpp(1713,62): warning C4267: 'argument': conversion from 'size_t' to 'unsigned int', possible loss of data
C:\Users\trand\Documents\GITHUB\GD1P03_Game (SFML)\GD1P03_Game\GD1P03_Game\WorldManager.cpp(1723,62): warning C4267: 'argument': conversion from 'size_t' to 'unsigned int', possible loss of data
C:\Users\trand\Documents\GITHUB\GD1P03_Game (SFML)\GD1P03_Game\GD1P03_Game\WorldManager.cpp(1733,62): warning C4267: 'argument': conversion from 'size_t' to 'unsigned int', possible loss of data
C:\Users\trand\Documents\GITHUB\GD1P03_Game (SFML)\GD1P03_Game\GD1P03_Game\WorldManager.cpp(1743,62): warning C4267: 'argument': conversion from 'size_t' to 'unsigned int', possible loss of data
C:\Users\trand\Documents\GITHUB\GD1P03_Game (SFML)\GD1P03_Game\GD1P03_Game\WorldManager.cpp(1753,62): warning C4267: 'argument': conversion from 'size_t' to 'unsigned int', possible loss of data
C:\Users\trand\Documents\GITHUB\GD1P03_Game (SFML)\GD1P03_Game\GD1P03_Game\WorldManager.cpp(1763,62): warning C4267: 'argument': conversion from 'size_t' to 'unsigned int', possible loss of data
C:\Users\trand\Documents\GITHUB\GD1P03_Game (SFML)\GD1P03_Game\GD1P03_Game\WorldManager.cpp(1773,62): warning C4267: 'argument': conversion from 'size_t' to 'unsigned int', possible loss of data
C:\Users\trand\Documents\GITHUB\GD1P03_Game (SFML)\GD1P03_Game\GD1P03_Game\WorldManager.cpp(1783,62): warning C4267: 'argument': conversion from 'size_t' to 'unsigned int', possible loss of data
C:\Users\trand\Documents\GITHUB\GD1P03_Game (SFML)\GD1P03_Game\GD1P03_Game\WorldManager.cpp(1799,128): warning C4244: 'argument': conversion from 'int' to 'float', possible loss of data
C:\Users\trand\Documents\GITHUB\GD1P03_Game (SFML)\GD1P03_Game\GD1P03_Game\WorldManager.cpp(1799,120): warning C4244: 'argument': conversion from 'int' to 'float', possible loss of data
C:\Users\trand\Documents\GITHUB\GD1P03_Game (SFML)\GD1P03_Game\GD1P03_Game\WorldManager.cpp(1809,133): warning C4244: 'argument': conversion from 'int' to 'float', possible loss of data
C:\Users\trand\Documents\GITHUB\GD1P03_Game (SFML)\GD1P03_Game\GD1P03_Game\WorldManager.cpp(1809,125): warning C4244: 'argument': conversion from 'int' to 'float', possible loss of data
C:\Users\trand\Documents\GITHUB\GD1P03_Game (SFML)\GD1P03_Game\GD1P03_Game\WorldManager.cpp(1817,132): warning C4244: 'argument': conversion from 'int' to 'float', possible loss of data
C:\Users\trand\Documents\GITHUB\GD1P03_Game (SFML)\GD1P03_Game\GD1P03_Game\WorldManager.cpp(1817,124): warning C4244: 'argument': conversion from 'int' to 'float', possible loss of data
C:\Users\trand\Documents\GITHUB\GD1P03_Game (SFML)\GD1P03_Game\GD1P03_Game\WorldManager.cpp(1851,125): warning C4244: 'argument': conversion from 'int' to 'float', possible loss of data
C:\Users\trand\Documents\GITHUB\GD1P03_Game (SFML)\GD1P03_Game\GD1P03_Game\WorldManager.cpp(1851,117): warning C4244: 'argument': conversion from 'int' to 'float', possible loss of data
C:\Users\trand\Documents\GITHUB\GD1P03_Game (SFML)\GD1P03_Game\GD1P03_Game\WorldManager.cpp(1859,101): warning C4244: 'argument': conversion from 'int' to 'float', possible loss of data
C:\Users\trand\Documents\GITHUB\GD1P03_Game (SFML)\GD1P03_Game\GD1P03_Game\WorldManager.cpp(1859,87): warning C4244: 'argument': conversion from 'int' to 'float', possible loss of data
C:\Users\trand\Documents\GITHUB\GD1P03_Game (SFML)\GD1P03_Game\GD1P03_Game\WorldManager.cpp(1860,70): warning C4244: 'argument': conversion from 'int' to 'float', possible loss of data
C:\Users\trand\Documents\GITHUB\GD1P03_Game (SFML)\GD1P03_Game\GD1P03_Game\WorldManager.cpp(1860,56): warning C4244: 'argument': conversion from 'int' to 'float', possible loss of data
C:\Users\trand\Documents\GITHUB\GD1P03_Game (SFML)\GD1P03_Game\GD1P03_Game\WorldManager.cpp(1943,101): warning C4244: 'argument': conversion from 'int' to 'float', possible loss of data
C:\Users\trand\Documents\GITHUB\GD1P03_Game (SFML)\GD1P03_Game\GD1P03_Game\WorldManager.cpp(1943,87): warning C4244: 'argument': conversion from 'int' to 'float', possible loss of data
C:\Users\trand\Documents\GITHUB\GD1P03_Game (SFML)\GD1P03_Game\GD1P03_Game\WorldManager.cpp(1944,70): warning C4244: 'argument': conversion from 'int' to 'float', possible loss of data
C:\Users\trand\Documents\GITHUB\GD1P03_Game (SFML)\GD1P03_Game\GD1P03_Game\WorldManager.cpp(1944,56): warning C4244: 'argument': conversion from 'int' to 'float', possible loss of data
C:\Users\trand\Documents\GITHUB\GD1P03_Game (SFML)\GD1P03_Game\GD1P03_Game\WorldManager.cpp(1946,62): warning C4267: 'argument': conversion from 'size_t' to 'unsigned int', possible loss of data
C:\Users\trand\Documents\GITHUB\GD1P03_Game (SFML)\GD1P03_Game\GD1P03_Game\WorldManager.cpp(1957,62): warning C4267: 'argument': conversion from 'size_t' to 'unsigned int', possible loss of data
C:\Users\trand\Documents\GITHUB\GD1P03_Game (SFML)\GD1P03_Game\GD1P03_Game\WorldManager.cpp(1967,62): warning C4267: 'argument': conversion from 'size_t' to 'unsigned int', possible loss of data
C:\Users\trand\Documents\GITHUB\GD1P03_Game (SFML)\GD1P03_Game\GD1P03_Game\WorldManager.cpp(1977,62): warning C4267: 'argument': conversion from 'size_t' to 'unsigned int', possible loss of data
C:\Users\trand\Documents\GITHUB\GD1P03_Game (SFML)\GD1P03_Game\GD1P03_Game\WorldManager.cpp(1987,62): warning C4267: 'argument': conversion from 'size_t' to 'unsigned int', possible loss of data
C:\Users\trand\Documents\GITHUB\GD1P03_Game (SFML)\GD1P03_Game\GD1P03_Game\WorldManager.cpp(2006,62): warning C4267: 'argument': conversion from 'size_t' to 'unsigned int', possible loss of data
C:\Users\trand\Documents\GITHUB\GD1P03_Game (SFML)\GD1P03_Game\GD1P03_Game\WorldManager.cpp(2016,62): warning C4267: 'argument': conversion from 'size_t' to 'unsigned int', possible loss of data
C:\Users\trand\Documents\GITHUB\GD1P03_Game (SFML)\GD1P03_Game\GD1P03_Game\WorldManager.cpp(2026,62): warning C4267: 'argument': conversion from 'size_t' to 'unsigned int', possible loss of data
C:\Users\trand\Documents\GITHUB\GD1P03_Game (SFML)\GD1P03_Game\GD1P03_Game\WorldManager.cpp(2042,129): warning C4244: 'argument': conversion from 'int' to 'float', possible loss of data
C:\Users\trand\Documents\GITHUB\GD1P03_Game (SFML)\GD1P03_Game\GD1P03_Game\WorldManager.cpp(2042,121): warning C4244: 'argument': conversion from 'int' to 'float', possible loss of data
C:\Users\trand\Documents\GITHUB\GD1P03_Game (SFML)\GD1P03_Game\GD1P03_Game\WorldManager.cpp(2360,114): warning C4244: 'argument': conversion from 'int' to 'float', possible loss of data
C:\Users\trand\Documents\GITHUB\GD1P03_Game (SFML)\GD1P03_Game\GD1P03_Game\WorldManager.cpp(2360,99): warning C4244: 'argument': conversion from 'int' to 'float', possible loss of data
C:\Users\trand\Documents\GITHUB\GD1P03_Game (SFML)\GD1P03_Game\GD1P03_Game\WorldManager.cpp(2415,128): warning C4244: 'argument': conversion from 'int' to 'float', possible loss of data
C:\Users\trand\Documents\GITHUB\GD1P03_Game (SFML)\GD1P03_Game\GD1P03_Game\WorldManager.cpp(2415,120): warning C4244: 'argument': conversion from 'int' to 'float', possible loss of data
C:\Users\trand\Documents\GITHUB\GD1P03_Game (SFML)\GD1P03_Game\GD1P03_Game\WorldManager.cpp(2427,128): warning C4244: 'argument': conversion from 'int' to 'float', possible loss of data
C:\Users\trand\Documents\GITHUB\GD1P03_Game (SFML)\GD1P03_Game\GD1P03_Game\WorldManager.cpp(2427,120): warning C4244: 'argument': conversion from 'int' to 'float', possible loss of data
C:\Users\trand\Documents\GITHUB\GD1P03_Game (SFML)\GD1P03_Game\GD1P03_Game\WorldManager.cpp(2435,91): warning C4244: 'argument': conversion from 'int' to 'float', possible loss of data
C:\Users\trand\Documents\GITHUB\GD1P03_Game (SFML)\GD1P03_Game\GD1P03_Game\WorldManager.cpp(2435,83): warning C4244: 'argument': conversion from 'int' to 'float', possible loss of data
C:\Users\trand\Documents\GITHUB\GD1P03_Game (SFML)\GD1P03_Game\GD1P03_Game\WorldManager.cpp(2436,60): warning C4244: 'argument': conversion from 'int' to 'float', possible loss of data
C:\Users\trand\Documents\GITHUB\GD1P03_Game (SFML)\GD1P03_Game\GD1P03_Game\WorldManager.cpp(2436,52): warning C4244: 'argument': conversion from 'int' to 'float', possible loss of data
C:\Users\trand\Documents\GITHUB\GD1P03_Game (SFML)\GD1P03_Game\GD1P03_Game\WorldManager.cpp(2438,58): warning C4267: 'argument': conversion from 'size_t' to 'unsigned int', possible loss of data
C:\Users\trand\Documents\GITHUB\GD1P03_Game (SFML)\GD1P03_Game\GD1P03_Game\WorldManager.cpp(2450,58): warning C4267: 'argument': conversion from 'size_t' to 'unsigned int', possible loss of data
C:\Users\trand\Documents\GITHUB\GD1P03_Game (SFML)\GD1P03_Game\GD1P03_Game\WorldManager.cpp(2461,58): warning C4267: 'argument': conversion from 'size_t' to 'unsigned int', possible loss of data
C:\Users\trand\Documents\GITHUB\GD1P03_Game (SFML)\GD1P03_Game\GD1P03_Game\WorldManager.cpp(2472,58): warning C4267: 'argument': conversion from 'size_t' to 'unsigned int', possible loss of data
C:\Users\trand\Documents\GITHUB\GD1P03_Game (SFML)\GD1P03_Game\GD1P03_Game\WorldManager.cpp(2483,58): warning C4267: 'argument': conversion from 'size_t' to 'unsigned int', possible loss of data
C:\Users\trand\Documents\GITHUB\GD1P03_Game (SFML)\GD1P03_Game\GD1P03_Game\WorldManager.cpp(2494,58): warning C4267: 'argument': conversion from 'size_t' to 'unsigned int', possible loss of data
C:\Users\trand\Documents\GITHUB\GD1P03_Game (SFML)\GD1P03_Game\GD1P03_Game\WorldManager.cpp(2505,58): warning C4267: 'argument': conversion from 'size_t' to 'unsigned int', possible loss of data
C:\Users\trand\Documents\GITHUB\GD1P03_Game (SFML)\GD1P03_Game\GD1P03_Game\WorldManager.cpp(2522,148): warning C4244: 'argument': conversion from 'int' to 'float', possible loss of data
C:\Users\trand\Documents\GITHUB\GD1P03_Game (SFML)\GD1P03_Game\GD1P03_Game\WorldManager.cpp(2522,140): warning C4244: 'argument': conversion from 'int' to 'float', possible loss of data
C:\Users\trand\Documents\GITHUB\GD1P03_Game (SFML)\GD1P03_Game\GD1P03_Game\WorldManager.cpp(2534,128): warning C4244: 'argument': conversion from 'int' to 'float', possible loss of data
C:\Users\trand\Documents\GITHUB\GD1P03_Game (SFML)\GD1P03_Game\GD1P03_Game\WorldManager.cpp(2534,120): warning C4244: 'argument': conversion from 'int' to 'float', possible loss of data
C:\Users\trand\Documents\GITHUB\GD1P03_Game (SFML)\GD1P03_Game\GD1P03_Game\WorldManager.cpp(2546,128): warning C4244: 'argument': conversion from 'int' to 'float', possible loss of data
C:\Users\trand\Documents\GITHUB\GD1P03_Game (SFML)\GD1P03_Game\GD1P03_Game\WorldManager.cpp(2546,120): warning C4244: 'argument': conversion from 'int' to 'float', possible loss of data
C:\Users\trand\Documents\GITHUB\GD1P03_Game (SFML)\GD1P03_Game\GD1P03_Game\WorldManager.cpp(2554,91): warning C4244: 'argument': conversion from 'int' to 'float', possible loss of data
C:\Users\trand\Documents\GITHUB\GD1P03_Game (SFML)\GD1P03_Game\GD1P03_Game\WorldManager.cpp(2554,83): warning C4244: 'argument': conversion from 'int' to 'float', possible loss of data
C:\Users\trand\Documents\GITHUB\GD1P03_Game (SFML)\GD1P03_Game\GD1P03_Game\WorldManager.cpp(2555,60): warning C4244: 'argument': conversion from 'int' to 'float', possible loss of data
C:\Users\trand\Documents\GITHUB\GD1P03_Game (SFML)\GD1P03_Game\GD1P03_Game\WorldManager.cpp(2555,52): warning C4244: 'argument': conversion from 'int' to 'float', possible loss of data
C:\Users\trand\Documents\GITHUB\GD1P03_Game (SFML)\GD1P03_Game\GD1P03_Game\WorldManager.cpp(2557,58): warning C4267: 'argument': conversion from 'size_t' to 'unsigned int', possible loss of data
C:\Users\trand\Documents\GITHUB\GD1P03_Game (SFML)\GD1P03_Game\GD1P03_Game\WorldManager.cpp(2569,58): warning C4267: 'argument': conversion from 'size_t' to 'unsigned int', possible loss of data
C:\Users\trand\Documents\GITHUB\GD1P03_Game (SFML)\GD1P03_Game\GD1P03_Game\WorldManager.cpp(2580,58): warning C4267: 'argument': conversion from 'size_t' to 'unsigned int', possible loss of data
C:\Users\trand\Documents\GITHUB\GD1P03_Game (SFML)\GD1P03_Game\GD1P03_Game\WorldManager.cpp(2591,58): warning C4267: 'argument': conversion from 'size_t' to 'unsigned int', possible loss of data
C:\Users\trand\Documents\GITHUB\GD1P03_Game (SFML)\GD1P03_Game\GD1P03_Game\WorldManager.cpp(2602,58): warning C4267: 'argument': conversion from 'size_t' to 'unsigned int', possible loss of data
C:\Users\trand\Documents\GITHUB\GD1P03_Game (SFML)\GD1P03_Game\GD1P03_Game\WorldManager.cpp(2613,58): warning C4267: 'argument': conversion from 'size_t' to 'unsigned int', possible loss of data
C:\Users\trand\Documents\GITHUB\GD1P03_Game (SFML)\GD1P03_Game\GD1P03_Game\WorldManager.cpp(2624,58): warning C4267: 'argument': conversion from 'size_t' to 'unsigned int', possible loss of data
C:\Users\trand\Documents\GITHUB\GD1P03_Game (SFML)\GD1P03_Game\GD1P03_Game\WorldManager.cpp(2641,148): warning C4244: 'argument': conversion from 'int' to 'float', possible loss of data
C:\Users\trand\Documents\GITHUB\GD1P03_Game (SFML)\GD1P03_Game\GD1P03_Game\WorldManager.cpp(2641,140): warning C4244: 'argument': conversion from 'int' to 'float', possible loss of data
C:\Users\trand\Documents\GITHUB\GD1P03_Game (SFML)\GD1P03_Game\GD1P03_Game\WorldManager.cpp(2653,128): warning C4244: 'argument': conversion from 'int' to 'float', possible loss of data
C:\Users\trand\Documents\GITHUB\GD1P03_Game (SFML)\GD1P03_Game\GD1P03_Game\WorldManager.cpp(2653,120): warning C4244: 'argument': conversion from 'int' to 'float', possible loss of data
C:\Users\trand\Documents\GITHUB\GD1P03_Game (SFML)\GD1P03_Game\GD1P03_Game\WorldManager.cpp(2664,128): warning C4244: 'argument': conversion from 'int' to 'float', possible loss of data
C:\Users\trand\Documents\GITHUB\GD1P03_Game (SFML)\GD1P03_Game\GD1P03_Game\WorldManager.cpp(2664,120): warning C4244: 'argument': conversion from 'int' to 'float', possible loss of data
C:\Users\trand\Documents\GITHUB\GD1P03_Game (SFML)\GD1P03_Game\GD1P03_Game\WorldManager.cpp(2676,148): warning C4244: 'argument': conversion from 'int' to 'float', possible loss of data
C:\Users\trand\Documents\GITHUB\GD1P03_Game (SFML)\GD1P03_Game\GD1P03_Game\WorldManager.cpp(2676,140): warning C4244: 'argument': conversion from 'int' to 'float', possible loss of data
C:\Users\trand\Documents\GITHUB\GD1P03_Game (SFML)\GD1P03_Game\GD1P03_Game\WorldManager.cpp(2691,124): warning C4244: 'argument': conversion from 'int' to 'float', possible loss of data
C:\Users\trand\Documents\GITHUB\GD1P03_Game (SFML)\GD1P03_Game\GD1P03_Game\WorldManager.cpp(2691,116): warning C4244: 'argument': conversion from 'int' to 'float', possible loss of data
C:\Users\trand\Documents\GITHUB\GD1P03_Game (SFML)\GD1P03_Game\GD1P03_Game\WorldManager.cpp(2753,40): warning C4305: 'argument': truncation from 'double' to 'float'
C:\Users\trand\Documents\GITHUB\GD1P03_Game (SFML)\GD1P03_Game\GD1P03_Game\WorldManager.cpp(2760,38): warning C4305: 'argument': truncation from 'double' to 'float'
C:\Users\trand\Documents\GITHUB\GD1P03_Game (SFML)\GD1P03_Game\GD1P03_Game\WorldManager.cpp(2778,40): warning C4305: 'argument': truncation from 'double' to 'float'
C:\Users\trand\Documents\GITHUB\GD1P03_Game (SFML)\GD1P03_Game\GD1P03_Game\WorldManager.cpp(2796,40): warning C4305: 'argument': truncation from 'double' to 'float'
C:\Users\trand\Documents\GITHUB\GD1P03_Game (SFML)\GD1P03_Game\GD1P03_Game\WorldManager.cpp(2803,38): warning C4305: 'argument': truncation from 'double' to 'float'
C:\Users\trand\Documents\GITHUB\GD1P03_Game (SFML)\GD1P03_Game\GD1P03_Game\WorldManager.cpp(2821,40): warning C4305: 'argument': truncation from 'double' to 'float'
C:\Users\trand\Documents\GITHUB\GD1P03_Game (SFML)\GD1P03_Game\GD1P03_Game\WorldManager.cpp(2828,38): warning C4305: 'argument': truncation from 'double' to 'float'
  Generating code
  154 of 2168 functions ( 7.1%) were compiled, the rest were copied from previous compilation.
    76 functions were new in current compilation
    231 functions had inline decision re-evaluated but remain unchanged
  Finished generating code
  GD1P03_Game.vcxproj -> C:\Users\trand\Documents\GITHUB\GD1P03_Game (SFML)\GD1P03_Game\x64\Release\GD1P03_Game.exe
