  main.cpp
C:\Users\trand\Documents\GITHUB\GD1P03_Game (SFML)\GD1P03_Game\GD1P03_Game\main.cpp(311,117): warning C4244: 'argument': conversion from 'T' to 'T', possible loss of data
          with
          [
              T=unsigned int
          ]
          and
          [
              T=float
          ]
C:\Users\trand\Documents\GITHUB\GD1P03_Game (SFML)\GD1P03_Game\GD1P03_Game\main.cpp(311,88): warning C4244: 'argument': conversion from 'T' to 'T', possible loss of data
          with
          [
              T=unsigned int
          ]
          and
          [
              T=float
          ]
C:\Users\trand\Documents\GITHUB\GD1P03_Game (SFML)\GD1P03_Game\GD1P03_Game\main.cpp(327,115): warning C4244: 'argument': conversion from 'T' to 'T', possible loss of data
          with
          [
              T=unsigned int
          ]
          and
          [
              T=float
          ]
C:\Users\trand\Documents\GITHUB\GD1P03_Game (SFML)\GD1P03_Game\GD1P03_Game\main.cpp(327,86): warning C4244: 'argument': conversion from 'T' to 'T', possible loss of data
          with
          [
              T=unsigned int
          ]
          and
          [
              T=float
          ]
C:\Users\trand\Documents\GITHUB\GD1P03_Game (SFML)\GD1P03_Game\GD1P03_Game\main.cpp(341,96): warning C4244: 'argument': conversion from 'int' to 'float', possible loss of data
C:\Users\trand\Documents\GITHUB\GD1P03_Game (SFML)\GD1P03_Game\GD1P03_Game\main.cpp(341,83): warning C4244: 'argument': conversion from 'int' to 'float', possible loss of data
C:\Users\trand\Documents\GITHUB\GD1P03_Game (SFML)\GD1P03_Game\GD1P03_Game\main.cpp(349,94): warning C4244: 'argument': conversion from 'int' to 'float', possible loss of data
C:\Users\trand\Documents\GITHUB\GD1P03_Game (SFML)\GD1P03_Game\GD1P03_Game\main.cpp(349,83): warning C4244: 'argument': conversion from 'int' to 'float', possible loss of data
C:\Users\trand\Documents\GITHUB\GD1P03_Game (SFML)\GD1P03_Game\GD1P03_Game\main.cpp(358,96): warning C4244: 'argument': conversion from 'int' to 'float', possible loss of data
C:\Users\trand\Documents\GITHUB\GD1P03_Game (SFML)\GD1P03_Game\GD1P03_Game\main.cpp(358,83): warning C4244: 'argument': conversion from 'int' to 'float', possible loss of data
C:\Users\trand\Documents\GITHUB\GD1P03_Game (SFML)\GD1P03_Game\GD1P03_Game\main.cpp(366,94): warning C4244: 'argument': conversion from 'int' to 'float', possible loss of data
C:\Users\trand\Documents\GITHUB\GD1P03_Game (SFML)\GD1P03_Game\GD1P03_Game\main.cpp(366,83): warning C4244: 'argument': conversion from 'int' to 'float', possible loss of data
C:\Users\trand\Documents\GITHUB\GD1P03_Game (SFML)\GD1P03_Game\GD1P03_Game\main.cpp(422,39): warning C4244: 'argument': conversion from 'int' to 'T', possible loss of data
          with
          [
              T=float
          ]
C:\Users\trand\Documents\GITHUB\GD1P03_Game (SFML)\GD1P03_Game\GD1P03_Game\main.cpp(422,34): warning C4244: 'argument': conversion from 'int' to 'T', possible loss of data
          with
          [
              T=float
          ]
C:\Users\trand\Documents\GITHUB\GD1P03_Game (SFML)\GD1P03_Game\GD1P03_Game\main.cpp(429,41): warning C4244: 'argument': conversion from 'int' to 'T', possible loss of data
          with
          [
              T=float
          ]
C:\Users\trand\Documents\GITHUB\GD1P03_Game (SFML)\GD1P03_Game\GD1P03_Game\main.cpp(429,35): warning C4244: 'argument': conversion from 'int' to 'T', possible loss of data
          with
          [
              T=float
          ]
C:\Users\trand\Documents\GITHUB\GD1P03_Game (SFML)\GD1P03_Game\GD1P03_Game\main.cpp(439,41): warning C4244: 'argument': conversion from 'int' to 'T', possible loss of data
          with
          [
              T=float
          ]
C:\Users\trand\Documents\GITHUB\GD1P03_Game (SFML)\GD1P03_Game\GD1P03_Game\main.cpp(439,35): warning C4244: 'argument': conversion from 'int' to 'T', possible loss of data
          with
          [
              T=float
          ]
C:\Users\trand\Documents\GITHUB\GD1P03_Game (SFML)\GD1P03_Game\GD1P03_Game\main.cpp(446,41): warning C4244: 'argument': conversion from 'int' to 'T', possible loss of data
          with
          [
              T=float
          ]
C:\Users\trand\Documents\GITHUB\GD1P03_Game (SFML)\GD1P03_Game\GD1P03_Game\main.cpp(446,35): warning C4244: 'argument': conversion from 'int' to 'T', possible loss of data
          with
          [
              T=float
          ]
  GD1P03_Game.vcxproj -> C:\Users\trand\Documents\GITHUB\GD1P03_Game (SFML)\GD1P03_Game\x64\Debug\GD1P03_Game.exe
